              count
Title             0
Year              0
Rated            89
Released         10
Runtime           7
Genre             2
Director          4
Writer           32
Actors            5
Plot             11
Language          4
Country           0
Awards          340
Poster           15
Ratings           0
Metascore       838
imdbRating        3
imdbVotes         4
imdbID            0
Type              0
DVD            1620
BoxOffice      1682
Production      341
Website        1682
Response          0
totalSeasons   1679
Season         1680
Episode        1680
seriesID       1680
threshold: 1009
useless_features:  ['DVD', 'BoxOffice', 'Website', 'totalSeasons', 'Season', 'Episode', 'seriesID']