              count
Title             0
Year              0
Rated           208
Released         30
Runtime          13
Genre             7
Director          7
Writer           76
Actors            8
Plot             27
Language         11
Country           2
Awards          855
Poster           26
Ratings           0
Metascore      1725
imdbRating        8
imdbVotes         9
imdbID            0
Type              0
DVD            3764
BoxOffice      3883
Production      734
Website        3883
Response          0
Season         3881
Episode        3881
seriesID       3881
totalSeasons   3881
threshold: 2329
useless_features:  ['DVD', 'BoxOffice', 'Website', 'Season', 'Episode', 'seriesID', 'totalSeasons']
